<?xml version="1.0" encoding="UTF-8"?>
<testsuite xmlns:xsi="http://www.w3.org/2001/XMLSchema-instance" xsi:noNamespaceSchemaLocation="https://maven.apache.org/surefire/maven-surefire-plugin/xsd/surefire-test-report-3.0.xsd" version="3.0" name="runners.CukesRunner" time="102.39" tests="1" errors="0" skipped="0" failures="0">
  <properties>
    <property name="java.specification.version" value="13"/>
    <property name="sun.jnu.encoding" value="UTF-8"/>
    <property name="java.class.path" value="/Users/duyarer/IdeaProjects/Deus_Project/target/test-classes:/Users/duyarer/IdeaProjects/Deus_Project/target/classes:/Users/duyarer/.m2/repository/org/seleniumhq/selenium/selenium-java/3.141.59/selenium-java-3.141.59.jar:/Users/duyarer/.m2/repository/org/seleniumhq/selenium/selenium-api/3.141.59/selenium-api-3.141.59.jar:/Users/duyarer/.m2/repository/org/seleniumhq/selenium/selenium-chrome-driver/3.141.59/selenium-chrome-driver-3.141.59.jar:/Users/duyarer/.m2/repository/org/seleniumhq/selenium/selenium-edge-driver/3.141.59/selenium-edge-driver-3.141.59.jar:/Users/duyarer/.m2/repository/org/seleniumhq/selenium/selenium-firefox-driver/3.141.59/selenium-firefox-driver-3.141.59.jar:/Users/duyarer/.m2/repository/org/seleniumhq/selenium/selenium-ie-driver/3.141.59/selenium-ie-driver-3.141.59.jar:/Users/duyarer/.m2/repository/org/seleniumhq/selenium/selenium-opera-driver/3.141.59/selenium-opera-driver-3.141.59.jar:/Users/duyarer/.m2/repository/org/seleniumhq/selenium/selenium-remote-driver/3.141.59/selenium-remote-driver-3.141.59.jar:/Users/duyarer/.m2/repository/org/seleniumhq/selenium/selenium-safari-driver/3.141.59/selenium-safari-driver-3.141.59.jar:/Users/duyarer/.m2/repository/org/seleniumhq/selenium/selenium-support/3.141.59/selenium-support-3.141.59.jar:/Users/duyarer/.m2/repository/net/bytebuddy/byte-buddy/1.8.15/byte-buddy-1.8.15.jar:/Users/duyarer/.m2/repository/org/apache/commons/commons-exec/1.3/commons-exec-1.3.jar:/Users/duyarer/.m2/repository/com/google/guava/guava/25.0-jre/guava-25.0-jre.jar:/Users/duyarer/.m2/repository/com/google/code/findbugs/jsr305/1.3.9/jsr305-1.3.9.jar:/Users/duyarer/.m2/repository/org/checkerframework/checker-compat-qual/2.0.0/checker-compat-qual-2.0.0.jar:/Users/duyarer/.m2/repository/com/google/errorprone/error_prone_annotations/2.1.3/error_prone_annotations-2.1.3.jar:/Users/duyarer/.m2/repository/com/google/j2objc/j2objc-annotations/1.1/j2objc-annotations-1.1.jar:/Users/duyarer/.m2/repository/org/codehaus/mojo/animal-sniffer-annotations/1.14/animal-sniffer-annotations-1.14.jar:/Users/duyarer/.m2/repository/com/squareup/okhttp3/okhttp/3.11.0/okhttp-3.11.0.jar:/Users/duyarer/.m2/repository/com/squareup/okio/okio/1.14.0/okio-1.14.0.jar:/Users/duyarer/.m2/repository/io/github/bonigarcia/webdrivermanager/3.8.1/webdrivermanager-3.8.1.jar:/Users/duyarer/.m2/repository/org/slf4j/slf4j-api/1.7.25/slf4j-api-1.7.25.jar:/Users/duyarer/.m2/repository/commons-io/commons-io/2.6/commons-io-2.6.jar:/Users/duyarer/.m2/repository/com/google/code/gson/gson/2.8.5/gson-2.8.5.jar:/Users/duyarer/.m2/repository/org/apache/commons/commons-lang3/3.8.1/commons-lang3-3.8.1.jar:/Users/duyarer/.m2/repository/org/apache/httpcomponents/httpclient/4.5.6/httpclient-4.5.6.jar:/Users/duyarer/.m2/repository/org/apache/httpcomponents/httpcore/4.4.10/httpcore-4.4.10.jar:/Users/duyarer/.m2/repository/commons-logging/commons-logging/1.2/commons-logging-1.2.jar:/Users/duyarer/.m2/repository/commons-codec/commons-codec/1.10/commons-codec-1.10.jar:/Users/duyarer/.m2/repository/org/rauschig/jarchivelib/1.0.0/jarchivelib-1.0.0.jar:/Users/duyarer/.m2/repository/org/apache/commons/commons-compress/1.18/commons-compress-1.18.jar:/Users/duyarer/.m2/repository/org/jsoup/jsoup/1.11.3/jsoup-1.11.3.jar:/Users/duyarer/.m2/repository/io/cucumber/cucumber-junit/5.7.0/cucumber-junit-5.7.0.jar:/Users/duyarer/.m2/repository/org/apiguardian/apiguardian-api/1.1.0/apiguardian-api-1.1.0.jar:/Users/duyarer/.m2/repository/io/cucumber/cucumber-core/5.7.0/cucumber-core-5.7.0.jar:/Users/duyarer/.m2/repository/io/cucumber/cucumber-gherkin/5.7.0/cucumber-gherkin-5.7.0.jar:/Users/duyarer/.m2/repository/io/cucumber/cucumber-gherkin-vintage/5.7.0/cucumber-gherkin-vintage-5.7.0.jar:/Users/duyarer/.m2/repository/io/cucumber/tag-expressions/2.0.4/tag-expressions-2.0.4.jar:/Users/duyarer/.m2/repository/io/cucumber/cucumber-expressions/8.3.1/cucumber-expressions-8.3.1.jar:/Users/duyarer/.m2/repository/io/cucumber/datatable/3.3.1/datatable-3.3.1.jar:/Users/duyarer/.m2/repository/io/cucumber/cucumber-plugin/5.7.0/cucumber-plugin-5.7.0.jar:/Users/duyarer/.m2/repository/io/cucumber/docstring/5.7.0/docstring-5.7.0.jar:/Users/duyarer/.m2/repository/junit/junit/4.13/junit-4.13.jar:/Users/duyarer/.m2/repository/org/hamcrest/hamcrest-core/1.3/hamcrest-core-1.3.jar:/Users/duyarer/.m2/repository/io/cucumber/cucumber-java/5.7.0/cucumber-java-5.7.0.jar:"/>
    <property name="java.vm.vendor" value="Oracle Corporation"/>
    <property name="sun.arch.data.model" value="64"/>
    <property name="java.vendor.url" value="https://java.oracle.com/"/>
    <property name="os.name" value="Mac OS X"/>
    <property name="java.vm.specification.version" value="13"/>
    <property name="sun.java.launcher" value="SUN_STANDARD"/>
    <property name="user.country" value="ES"/>
    <property name="sun.boot.library.path" value="/Library/Java/JavaVirtualMachines/jdk-13.0.2.jdk/Contents/Home/lib"/>
    <property name="sun.java.command" value="/Users/duyarer/IdeaProjects/Deus_Project/target/surefire/surefirebooter15031223717368927565.jar /Users/duyarer/IdeaProjects/Deus_Project/target/surefire 2022-12-22T15-06-55_979-jvmRun1 surefire4803858306197465670tmp surefire_01037689256619335924tmp"/>
    <property name="http.nonProxyHosts" value="local|*.local|169.254/16|*.169.254/16"/>
    <property name="jdk.debug" value="release"/>
    <property name="surefire.test.class.path" value="/Users/duyarer/IdeaProjects/Deus_Project/target/test-classes:/Users/duyarer/IdeaProjects/Deus_Project/target/classes:/Users/duyarer/.m2/repository/org/seleniumhq/selenium/selenium-java/3.141.59/selenium-java-3.141.59.jar:/Users/duyarer/.m2/repository/org/seleniumhq/selenium/selenium-api/3.141.59/selenium-api-3.141.59.jar:/Users/duyarer/.m2/repository/org/seleniumhq/selenium/selenium-chrome-driver/3.141.59/selenium-chrome-driver-3.141.59.jar:/Users/duyarer/.m2/repository/org/seleniumhq/selenium/selenium-edge-driver/3.141.59/selenium-edge-driver-3.141.59.jar:/Users/duyarer/.m2/repository/org/seleniumhq/selenium/selenium-firefox-driver/3.141.59/selenium-firefox-driver-3.141.59.jar:/Users/duyarer/.m2/repository/org/seleniumhq/selenium/selenium-ie-driver/3.141.59/selenium-ie-driver-3.141.59.jar:/Users/duyarer/.m2/repository/org/seleniumhq/selenium/selenium-opera-driver/3.141.59/selenium-opera-driver-3.141.59.jar:/Users/duyarer/.m2/repository/org/seleniumhq/selenium/selenium-remote-driver/3.141.59/selenium-remote-driver-3.141.59.jar:/Users/duyarer/.m2/repository/org/seleniumhq/selenium/selenium-safari-driver/3.141.59/selenium-safari-driver-3.141.59.jar:/Users/duyarer/.m2/repository/org/seleniumhq/selenium/selenium-support/3.141.59/selenium-support-3.141.59.jar:/Users/duyarer/.m2/repository/net/bytebuddy/byte-buddy/1.8.15/byte-buddy-1.8.15.jar:/Users/duyarer/.m2/repository/org/apache/commons/commons-exec/1.3/commons-exec-1.3.jar:/Users/duyarer/.m2/repository/com/google/guava/guava/25.0-jre/guava-25.0-jre.jar:/Users/duyarer/.m2/repository/com/google/code/findbugs/jsr305/1.3.9/jsr305-1.3.9.jar:/Users/duyarer/.m2/repository/org/checkerframework/checker-compat-qual/2.0.0/checker-compat-qual-2.0.0.jar:/Users/duyarer/.m2/repository/com/google/errorprone/error_prone_annotations/2.1.3/error_prone_annotations-2.1.3.jar:/Users/duyarer/.m2/repository/com/google/j2objc/j2objc-annotations/1.1/j2objc-annotations-1.1.jar:/Users/duyarer/.m2/repository/org/codehaus/mojo/animal-sniffer-annotations/1.14/animal-sniffer-annotations-1.14.jar:/Users/duyarer/.m2/repository/com/squareup/okhttp3/okhttp/3.11.0/okhttp-3.11.0.jar:/Users/duyarer/.m2/repository/com/squareup/okio/okio/1.14.0/okio-1.14.0.jar:/Users/duyarer/.m2/repository/io/github/bonigarcia/webdrivermanager/3.8.1/webdrivermanager-3.8.1.jar:/Users/duyarer/.m2/repository/org/slf4j/slf4j-api/1.7.25/slf4j-api-1.7.25.jar:/Users/duyarer/.m2/repository/commons-io/commons-io/2.6/commons-io-2.6.jar:/Users/duyarer/.m2/repository/com/google/code/gson/gson/2.8.5/gson-2.8.5.jar:/Users/duyarer/.m2/repository/org/apache/commons/commons-lang3/3.8.1/commons-lang3-3.8.1.jar:/Users/duyarer/.m2/repository/org/apache/httpcomponents/httpclient/4.5.6/httpclient-4.5.6.jar:/Users/duyarer/.m2/repository/org/apache/httpcomponents/httpcore/4.4.10/httpcore-4.4.10.jar:/Users/duyarer/.m2/repository/commons-logging/commons-logging/1.2/commons-logging-1.2.jar:/Users/duyarer/.m2/repository/commons-codec/commons-codec/1.10/commons-codec-1.10.jar:/Users/duyarer/.m2/repository/org/rauschig/jarchivelib/1.0.0/jarchivelib-1.0.0.jar:/Users/duyarer/.m2/repository/org/apache/commons/commons-compress/1.18/commons-compress-1.18.jar:/Users/duyarer/.m2/repository/org/jsoup/jsoup/1.11.3/jsoup-1.11.3.jar:/Users/duyarer/.m2/repository/io/cucumber/cucumber-junit/5.7.0/cucumber-junit-5.7.0.jar:/Users/duyarer/.m2/repository/org/apiguardian/apiguardian-api/1.1.0/apiguardian-api-1.1.0.jar:/Users/duyarer/.m2/repository/io/cucumber/cucumber-core/5.7.0/cucumber-core-5.7.0.jar:/Users/duyarer/.m2/repository/io/cucumber/cucumber-gherkin/5.7.0/cucumber-gherkin-5.7.0.jar:/Users/duyarer/.m2/repository/io/cucumber/cucumber-gherkin-vintage/5.7.0/cucumber-gherkin-vintage-5.7.0.jar:/Users/duyarer/.m2/repository/io/cucumber/tag-expressions/2.0.4/tag-expressions-2.0.4.jar:/Users/duyarer/.m2/repository/io/cucumber/cucumber-expressions/8.3.1/cucumber-expressions-8.3.1.jar:/Users/duyarer/.m2/repository/io/cucumber/datatable/3.3.1/datatable-3.3.1.jar:/Users/duyarer/.m2/repository/io/cucumber/cucumber-plugin/5.7.0/cucumber-plugin-5.7.0.jar:/Users/duyarer/.m2/repository/io/cucumber/docstring/5.7.0/docstring-5.7.0.jar:/Users/duyarer/.m2/repository/junit/junit/4.13/junit-4.13.jar:/Users/duyarer/.m2/repository/org/hamcrest/hamcrest-core/1.3/hamcrest-core-1.3.jar:/Users/duyarer/.m2/repository/io/cucumber/cucumber-java/5.7.0/cucumber-java-5.7.0.jar:"/>
    <property name="sun.cpu.endian" value="little"/>
    <property name="user.home" value="/Users/duyarer"/>
    <property name="user.language" value="en"/>
    <property name="java.specification.vendor" value="Oracle Corporation"/>
    <property name="java.version.date" value="2020-01-14"/>
    <property name="java.home" value="/Library/Java/JavaVirtualMachines/jdk-13.0.2.jdk/Contents/Home"/>
    <property name="file.separator" value="/"/>
    <property name="basedir" value="/Users/duyarer/IdeaProjects/Deus_Project"/>
    <property name="java.vm.compressedOopsMode" value="Zero based"/>
    <property name="line.separator" value="&#10;"/>
    <property name="java.specification.name" value="Java Platform API Specification"/>
    <property name="java.vm.specification.vendor" value="Oracle Corporation"/>
    <property name="surefire.real.class.path" value="/Users/duyarer/IdeaProjects/Deus_Project/target/surefire/surefirebooter15031223717368927565.jar"/>
    <property name="sun.management.compiler" value="HotSpot 64-Bit Tiered Compilers"/>
    <property name="ftp.nonProxyHosts" value="local|*.local|169.254/16|*.169.254/16"/>
    <property name="java.runtime.version" value="13.0.2+8"/>
    <property name="user.name" value="duyarer"/>
    <property name="path.separator" value=":"/>
    <property name="os.version" value="10.11.6"/>
    <property name="java.runtime.name" value="Java(TM) SE Runtime Environment"/>
    <property name="file.encoding" value="UTF-8"/>
    <property name="java.vm.name" value="Java HotSpot(TM) 64-Bit Server VM"/>
    <property name="localRepository" value="/Users/duyarer/.m2/repository"/>
    <property name="java.vendor.url.bug" value="https://bugreport.java.com/bugreport/"/>
    <property name="java.io.tmpdir" value="/var/folders/g6/lflcty_170q5m4yvkt606kjh0000gn/T/"/>
    <property name="java.version" value="13.0.2"/>
    <property name="user.dir" value="/Users/duyarer/IdeaProjects/Deus_Project"/>
    <property name="os.arch" value="x86_64"/>
    <property name="java.vm.specification.name" value="Java Virtual Machine Specification"/>
    <property name="java.library.path" value="/Users/duyarer/Library/Java/Extensions:/Library/Java/Extensions:/Network/Library/Java/Extensions:/System/Library/Java/Extensions:/usr/lib/java:."/>
    <property name="java.vm.info" value="mixed mode, sharing"/>
    <property name="java.vendor" value="Oracle Corporation"/>
    <property name="java.vm.version" value="13.0.2+8"/>
    <property name="sun.io.unicode.encoding" value="UnicodeBig"/>
    <property name="socksNonProxyHosts" value="local|*.local|169.254/16|*.169.254/16"/>
    <property name="java.class.version" value="57.0"/>
  </properties>
  <testcase name="As a user I can book on booking.com" classname="Booking a ticket" time="100.737">
    <system-out><![CDATA[
@smoke
Scenario: As a user I can book on booking.com                                                          &amp#27;[90m# src/test/resources/features/booking.feature:4&amp#27;[0m
  &amp#27;[32mGiven &amp#27;[0m&amp#27;[32muser should be able to go url&amp#27;[0m                                                                  &amp#27;[90m# stepdefinitions.Booking_Step_Def.userShouldBeAbleToGoUrl()&amp#27;[0m
  &amp#27;[32mWhen &amp#27;[0m&amp#27;[32muser should be able to click place input&amp#27;[0m                                                        &amp#27;[90m# stepdefinitions.Booking_Step_Def.userShouldBeAbleToClickPlaceInput()&amp#27;[0m
  &amp#27;[32mAnd &amp#27;[0m&amp#27;[32muser should be able to choose Check-in date&amp#27;[0m                                                      &amp#27;[90m# stepdefinitions.Booking_Step_Def.userShouldBeAbleToChooseCheckInDate()&amp#27;[0m
  &amp#27;[32mAnd &amp#27;[0m&amp#27;[32muser should be able to choose Check-out date&amp#27;[0m                                                     &amp#27;[90m# stepdefinitions.Booking_Step_Def.userShouldBeAbleToChooseCheckOutDate()&amp#27;[0m
  &amp#27;[32mThen &amp#27;[0m&amp#27;[32muser should be able to click search button&amp#27;[0m                                                      &amp#27;[90m# stepdefinitions.Booking_Step_Def.userShouldBeAbleToClickSearchButton()&amp#27;[0m
Number of properties = Porto: 949 properties found
--------------------------------------------------
  &amp#27;[32mAnd &amp#27;[0m&amp#27;[32muser can see total number of properties&amp#27;[0m                                                          &amp#27;[90m# stepdefinitions.Booking_Step_Def.userCanSeeTotalNumberOfProperties()&amp#27;[0m
expected check in = 25Sunday,December25,2022
actual check in = 25Sunday,December25,2022
  &amp#27;[32mThen &amp#27;[0m&amp#27;[32muser Verify the Check-in date on the left is &amp#27;[0m&amp#27;[32m&amp#27;[1m25&amp#27;[0m&amp#27;[32m &amp#27;[0m&amp#27;[32m&amp#27;[1m"Sunday"&amp#27;[0m&amp#27;[32m, &amp#27;[0m&amp#27;[32m&amp#27;[1m"December"&amp#27;[0m&amp#27;[32m &amp#27;[0m&amp#27;[32m&amp#27;[1m25&amp#27;[0m&amp#27;[32m, &amp#27;[0m&amp#27;[32m&amp#27;[1m2022&amp#27;[0m&amp#27;[32m of next month&amp#27;[0m     &amp#27;[90m# stepdefinitions.Booking_Step_Def.userVerifyTheCheckInDateOnTheLeftIsOfNextMonth(int,java.lang.String,java.lang.String,int,int)&amp#27;[0m
--------------------------------------------------
expected check out = 28Wednesday,December28,2022
actual check out = 28Wednesday,December28,2022
  &amp#27;[32mThen &amp#27;[0m&amp#27;[32muser Verify the Check-out date on the left is &amp#27;[0m&amp#27;[32m&amp#27;[1m28&amp#27;[0m&amp#27;[32m &amp#27;[0m&amp#27;[32m&amp#27;[1m"Wednesday"&amp#27;[0m&amp#27;[32m, &amp#27;[0m&amp#27;[32m&amp#27;[1m"December"&amp#27;[0m&amp#27;[32m &amp#27;[0m&amp#27;[32m&amp#27;[1m28&amp#27;[0m&amp#27;[32m, &amp#27;[0m&amp#27;[32m&amp#27;[1m2022&amp#27;[0m&amp#27;[32m of next month&amp#27;[0m &amp#27;[90m# stepdefinitions.Booking_Step_Def.userVerifyTheCheckOutDateOnTheLeftIsOfNextMonth(int,java.lang.String,java.lang.String,int,int)&amp#27;[0m
--------------------------------------------------
--------------------------------------------------
size of properties = 25
Name of place : Oporto Golden View Ribeira
Name of place : Bonjardim 560
Name of place : Pur Oporto Boutique Hotel by actahotels
Name of place : Zero Box Lodge Porto
Name of place : The Brewmaster’s House - Casa da Picaria
Name of place : Residencia LIS B&B
Name of place : YOTEL Porto
Name of place : The Gate
Name of place : TURIM Oporto Hotel
Name of place : the gallery Studios II
Name of place : Legendary Porto Hotel
Name of place : Hotel Internacional Porto
Name of place : Casa Kala
Name of place : Hotel Peninsular- Porto
Name of place : Hotel do Norte
Name of place : Catalonia Porto
Name of place : BessaHotel Baixa
Name of place : Vera Cruz Porto Downtown Hotel
Name of place : Villa Invicta II
Name of place : Torel Avantgarde
Name of place : Acta The Avenue
Name of place : Pao de Acucar Hotel
Name of place : Casual Raízes Porto
Name of place : Virtudes City Lofts
  &amp#27;[32mAnd &amp#27;[0m&amp#27;[32muser should Print the names of the properties found on this first page&amp#27;[0m                           &amp#27;[90m# stepdefinitions.Booking_Step_Def.userShouldPrintTheNamesOfThePropertiesFoundOnThisFirstPage()&amp#27;[0m
]]></system-out>
    <system-err><![CDATA[Dec 22, 2022 3:06:59 PM io.cucumber.junit.Cucumber <init>
WARNING: By default Cucumber is running in --non-strict mode.
This default will change to --strict and --non-strict will be removed.
You can use --strict or @CucumberOptions(strict = true) to suppress this warning
SLF4J: Failed to load class "org.slf4j.impl.StaticLoggerBinder".
SLF4J: Defaulting to no-operation (NOP) logger implementation
SLF4J: See http://www.slf4j.org/codes.html#StaticLoggerBinder for further details.
Starting ChromeDriver 103.0.5060.134 (8ec6fce403b3feb0869b0732eda8bd95011d333c-refs/branch-heads/5060@{#1262}) on port 17311
Only local connections are allowed.
Please see https://chromedriver.chromium.org/security-considerations for suggestions on keeping ChromeDriver safe.
ChromeDriver was started successfully.
Dec 22, 2022 3:07:16 PM org.openqa.selenium.remote.ProtocolHandshake createSession
INFO: Detected dialect: W3C
]]></system-err>
  </testcase>
</testsuite>